
<- Camera ----------------------------------------------------------------------
Your documentation here.
---------------------------------------------------------------------- Camera ->
Camera instance constructed
Camera( 
+ Origine: Vertex( x: 20.00, y: 20.00, z:80.00, w:1.00 )
+ tT:
M | vtcX | vtcY | vtcZ | vtxO
-----------------------------
x | 1.00 | 0.00 | 0.00 | -20.00
y | 0.00 | 1.00 | 0.00 | -20.00
z | 0.00 | 0.00 | 1.00 | -80.00
w | 0.00 | 0.00 | 0.00 | 1.00
+ tR:
M | vtcX | vtcY | vtcZ | vtxO
-----------------------------
x | -1.00 | 0.00 | -0.00 | 0.00
y | 0.00 | 1.00 | 0.00 | 0.00
z | 0.00 | 0.00 | -1.00 | 0.00
w | 0.00 | 0.00 | 0.00 | 1.00
+ tR->mult( tT ):
M | vtcX | vtcY | vtcZ | vtxO
-----------------------------
x | -1.00 | 0.00 | -0.00 | 20.00
y | 0.00 | 1.00 | 0.00 | -20.00
z | 0.00 | 0.00 | -1.00 | 80.00
w | 0.00 | 0.00 | 0.00 | 1.00
+ Proj:
M | vtcX | vtcY | vtcZ | vtxO
-----------------------------
x | 1.30 | 0.00 | 0.00 | 0.00
y | 0.00 | 1.73 | 0.00 | 0.00
z | 0.00 | 0.00 | -1.02 | -2.02
w | 0.00 | 0.00 | -1.00 | 0.00
)
Camera instance destructed
